2025-12-22 04:58:26.264088+00:00|WARN|NAVIGATION|Re-planning route due to static obstacle at coord [90, 24. 
2025-12-22 04:58:34.264088+00:00|ERROR|NAVIGATION|Path planning failed: No valid route found to target 
2025-12-22 04:58:40.264088+00:00|INFO|NAVIGATION|GPS Fix: 3D Fix acquired - satellites: 9 
2025-12-22 04:58:46.264088+00:00|INFO|POWER|Cooling fans active - current RPM: 565 
2025-12-22 04:58:56.264088+00:00|INFO|PERCEPTION|Scanning for Waypoint markers... complete 
2025-12-22 04:59:02.264088+00:00|INFO|NAVIGATION|GPS Fix: 3D Fix acquired - satellites: 9 
2025-12-22 04:59:10.264088+00:00|INFO|NAVIGATION|Route calculated to Waypoint_8 - distance: 5.4m 
2025-12-22 04:59:16.264088+00:00|INFO|ACTUATORS|Brake pressure check passed - system ready 
2025-12-22 04:59:23.264088+00:00|INFO|NAVIGATION|Global costmap updated successfully 
2025-12-22 04:59:29.264088+00:00|INFO|ACTUATORS|Brake pressure check passed - system ready 
2025-12-22 04:59:37.264088+00:00|INFO|NAVIGATION|Executing turn sequence - target angle: 41.5° 
2025-12-22 04:59:43.264088+00:00|INFO|ACTUATORS|Steering actuator aligned to zero-point 
2025-12-22 04:59:51.264088+00:00|INFO|ACTUATORS|Steering actuator aligned to zero-point 
2025-12-22 05:00:00.264088+00:00|INFO|PERCEPTION|Camera exposure normalized - confidence score: 47 
2025-12-22 05:00:10.264088+00:00|INFO|NAVIGATION|Global costmap updated successfully 
2025-12-22 05:00:17.264088+00:00|INFO|PERCEPTION|Camera exposure normalized - confidence score: 47 
2025-12-22 05:00:25.264088+00:00|INFO|ACTUATORS|Steering actuator aligned to zero-point 
2025-12-22 05:00:30.264088+00:00|INFO|NAVIGATION|Executing turn sequence - target angle: 41.5° 
2025-12-22 05:00:35.264088+00:00|INFO|NAVIGATION|Global costmap updated successfully 
2025-12-22 05:00:41.264088+00:00|ERROR|POWER|Critical voltage drop: 102V - system shutdown imminent 
2025-12-22 05:00:49.264088+00:00|INFO|PERCEPTION|Object detection active - 4 objects in view 
2025-12-22 05:00:58.264088+00:00|INFO|ACTUATORS|Steering actuator aligned to zero-point 
2025-12-22 05:01:07.264088+00:00|INFO|POWER|Cooling fans active - current RPM: 565 
2025-12-22 05:01:17.264088+00:00|INFO|NAVIGATION|GPS Fix: 3D Fix acquired - satellites: 9 
2025-12-22 05:01:24.264088+00:00|INFO|NAVIGATION|Global costmap updated successfully 
2025-12-22 05:01:34.264088+00:00|INFO|POWER|Battery Level: 87.8% - voltage stable 
2025-12-22 05:01:44.264088+00:00|INFO|ACTUATORS|Motor torque nominal on all 4 drives 
2025-12-22 05:01:49.264088+00:00|INFO|POWER|Battery Level: 87.8% - voltage stable 
2025-12-22 05:01:55.264088+00:00|INFO|PERCEPTION|Camera exposure normalized - confidence score: 47 
2025-12-22 05:02:03.264088+00:00|INFO|POWER|Battery Level: 87.8% - voltage stable 
2025-12-22 05:02:11.264088+00:00|INFO|PERCEPTION|Lidar spinning at 82Hz - publishing point cloud 
2025-12-22 05:02:16.264088+00:00|INFO|NAVIGATION|Route calculated to Waypoint_8 - distance: 5.4m 
2025-12-22 05:02:21.264088+00:00|INFO|NAVIGATION|GPS Fix: 3D Fix acquired - satellites: 9 
2025-12-22 05:02:29.264088+00:00|INFO|NAVIGATION|GPS Fix: 3D Fix acquired - satellites: 9 
2025-12-22 05:02:36.264088+00:00|INFO|NAVIGATION|GPS Fix: 3D Fix acquired - satellites: 9 
2025-12-22 05:02:45.264088+00:00|INFO|POWER|Cooling fans active - current RPM: 565 
2025-12-22 05:02:54.264088+00:00|INFO|PERCEPTION|Object detection active - 4 objects in view 
2025-12-22 05:02:59.264088+00:00|INFO|POWER|Battery Level: 87.8% - voltage stable 
2025-12-22 05:03:05.264088+00:00|WARN|NAVIGATION|GPS signal weak - tall buildings nearby (HDOP: 2.8 
2025-12-22 05:03:15.264088+00:00|INFO|PERCEPTION|Lidar spinning at 82Hz - publishing point cloud 
2025-12-22 05:03:24.264088+00:00|INFO|ACTUATORS|Motor torque nominal on all 4 drives 
2025-12-22 05:03:33.264088+00:00|ERROR|PERCEPTION|Lidar sensor timeout - no data on /scan topic 
2025-12-22 05:03:39.264088+00:00|INFO|PERCEPTION|Camera exposure normalized - confidence score: 47 
2025-12-22 05:03:46.264088+00:00|INFO|PERCEPTION|Lidar spinning at 82Hz - publishing point cloud 
2025-12-22 05:03:51.264088+00:00|WARN|POWER|High power draw from PERCEPTION suite - 132W 
2025-12-22 05:03:59.264088+00:00|WARN|POWER|Low battery warning: 11.8% remaining 
2025-12-22 05:04:04.264088+00:00|INFO|ACTUATORS|Motor torque nominal on all 4 drives 
2025-12-22 05:04:13.264088+00:00|INFO|ACTUATORS|Brake pressure check passed - system ready 
2025-12-22 05:04:23.264088+00:00|INFO|PERCEPTION|Lidar spinning at 82Hz - publishing point cloud 
2025-12-22 05:04:33.264088+00:00|INFO|POWER|Battery Level: 87.8% - voltage stable 
2025-12-22 05:04:43.264088+00:00|INFO|NAVIGATION|GPS Fix: 3D Fix acquired - satellites: 9 
2025-12-22 05:04:51.264088+00:00|INFO|ACTUATORS|Brake pressure check passed - system ready 
2025-12-22 05:04:56.264088+00:00|WARN|NAVIGATION|GPS signal weak - tall buildings nearby (HDOP: 2.8 
2025-12-22 05:05:05.264088+00:00|INFO|PERCEPTION|Camera exposure normalized - confidence score: 47 
2025-12-22 05:05:13.264088+00:00|INFO|NAVIGATION|Global costmap updated successfully 
2025-12-22 05:05:22.264088+00:00|INFO|PERCEPTION|Lidar spinning at 82Hz - publishing point cloud 
2025-12-22 05:05:27.264088+00:00|INFO|POWER|Battery Level: 87.8% - voltage stable 
2025-12-22 05:05:36.264088+00:00|INFO|NAVIGATION|Global costmap updated successfully 
2025-12-22 05:05:46.264088+00:00|INFO|PERCEPTION|Scanning for Waypoint markers... complete 
2025-12-22 05:05:53.264088+00:00|INFO|NAVIGATION|Global costmap updated successfully 
2025-12-22 05:05:59.264088+00:00|INFO|ACTUATORS|Motor torque nominal on all 4 drives 
2025-12-22 05:06:06.264088+00:00|INFO|POWER|Battery Level: 87.8% - voltage stable 
2025-12-22 05:06:12.264088+00:00|INFO|ACTUATORS|Motor torque nominal on all 4 drives 
2025-12-22 05:06:19.264088+00:00|INFO|POWER|Cooling fans active - current RPM: 565 
2025-12-22 05:06:25.264088+00:00|INFO|ACTUATORS|Motor torque nominal on all 4 drives 
2025-12-22 05:06:30.264088+00:00|INFO|NAVIGATION|GPS Fix: 3D Fix acquired - satellites: 9 
2025-12-22 05:06:40.264088+00:00|INFO|POWER|Battery Level: 87.8% - voltage stable 
2025-12-22 05:06:49.264088+00:00|INFO|NAVIGATION|Executing turn sequence - target angle: 41.5° 
2025-12-22 05:06:57.264088+00:00|INFO|POWER|Power distribution board (PDB) reporting healthy rails 
2025-12-22 05:07:06.264088+00:00|INFO|NAVIGATION|Executing turn sequence - target angle: 41.5° 
2025-12-22 05:07:14.264088+00:00|INFO|ACTUATORS|Brake pressure check passed - system ready 
2025-12-22 05:07:23.264088+00:00|INFO|NAVIGATION|Route calculated to Waypoint_8 - distance: 5.4m 
2025-12-22 05:07:30.264088+00:00|INFO|ACTUATORS|Brake pressure check passed - system ready 
2025-12-22 05:07:39.264088+00:00|INFO|POWER|Power distribution board (PDB) reporting healthy rails 
2025-12-22 05:07:49.264088+00:00|INFO|POWER|Battery Level: 87.8% - voltage stable 
2025-12-22 05:07:57.264088+00:00|INFO|ACTUATORS|Steering actuator aligned to zero-point 
2025-12-22 05:08:04.264088+00:00|INFO|POWER|Battery Level: 87.8% - voltage stable 
2025-12-22 05:08:09.264088+00:00|INFO|ACTUATORS|Steering actuator aligned to zero-point 
2025-12-22 05:08:18.264088+00:00|ERROR|NAVIGATION|IMU calibration drift detected - navigation suspended 
2025-12-22 05:08:26.264088+00:00|INFO|ACTUATORS|Motor torque nominal on all 4 drives 
2025-12-22 05:08:36.264088+00:00|INFO|POWER|Power distribution board (PDB) reporting healthy rails 
2025-12-22 05:08:41.264088+00:00|INFO|PERCEPTION|Lidar spinning at 82Hz - publishing point cloud 
2025-12-22 05:08:47.264088+00:00|INFO|NAVIGATION|GPS Fix: 3D Fix acquired - satellites: 9 
2025-12-22 05:08:56.264088+00:00|INFO|POWER|Power distribution board (PDB) reporting healthy rails 
2025-12-22 05:09:05.264088+00:00|INFO|POWER|Cooling fans active - current RPM: 565 
2025-12-22 05:09:10.264088+00:00|INFO|NAVIGATION|Route calculated to Waypoint_8 - distance: 5.4m 
2025-12-22 05:09:17.264088+00:00|INFO|POWER|Cooling fans active - current RPM: 565 
2025-12-22 05:09:23.264088+00:00|WARN|NAVIGATION|Re-planning route due to static obstacle at coord [90, 24. 
2025-12-22 05:09:28.264088+00:00|INFO|PERCEPTION|Scanning for Waypoint markers... complete 
2025-12-22 05:09:36.264088+00:00|INFO|POWER|Power distribution board (PDB) reporting healthy rails 
2025-12-22 05:09:43.264088+00:00|INFO|NAVIGATION|Global costmap updated successfully 
2025-12-22 05:09:51.264088+00:00|INFO|PERCEPTION|Camera exposure normalized - confidence score: 47 
2025-12-22 05:09:59.264088+00:00|INFO|PERCEPTION|Lidar spinning at 82Hz - publishing point cloud 
2025-12-22 05:10:07.264088+00:00|INFO|PERCEPTION|Lidar spinning at 82Hz - publishing point cloud 
2025-12-22 05:10:16.264088+00:00|INFO|NAVIGATION|Executing turn sequence - target angle: 41.5° 
2025-12-22 05:10:21.264088+00:00|INFO|PERCEPTION|Object detection active - 4 objects in view 
2025-12-22 05:10:27.264088+00:00|INFO|NAVIGATION|Global costmap updated successfully 
2025-12-22 05:10:32.264088+00:00|INFO|ACTUATORS|Motor torque nominal on all 4 drives 
2025-12-22 05:10:38.264088+00:00|INFO|NAVIGATION|Route calculated to Waypoint_8 - distance: 5.4m 
2025-12-22 05:10:48.264088+00:00|INFO|NAVIGATION|Global costmap updated successfully 
2025-12-22 05:10:53.264088+00:00|INFO|POWER|Power distribution board (PDB) reporting healthy rails 
2025-12-22 05:10:59.264088+00:00|INFO|ACTUATORS|Motor torque nominal on all 4 drives 
2025-12-22 05:11:08.264088+00:00|INFO|ACTUATORS|Brake pressure check passed - system ready 
2025-12-22 05:11:16.264088+00:00|INFO|NAVIGATION|Global costmap updated successfully 
2025-12-22 05:11:23.264088+00:00|INFO|POWER|Power distribution board (PDB) reporting healthy rails 
2025-12-22 05:11:32.264088+00:00|INFO|NAVIGATION|Executing turn sequence - target angle: 41.5° 
2025-12-22 05:11:40.264088+00:00|INFO|NAVIGATION|Executing turn sequence - target angle: 41.5° 
2025-12-22 05:11:48.264088+00:00|INFO|NAVIGATION|Executing turn sequence - target angle: 41.5° 
2025-12-22 05:11:56.264088+00:00|INFO|NAVIGATION|Route calculated to Waypoint_8 - distance: 5.4m 
2025-12-22 05:12:06.264088+00:00|INFO|POWER|Power distribution board (PDB) reporting healthy rails 
2025-12-22 05:12:13.264088+00:00|INFO|POWER|Cooling fans active - current RPM: 565 
2025-12-22 05:12:22.264088+00:00|WARN|ACTUATORS|Motor_1 temperature rising: 82.7°C 
2025-12-22 05:12:27.264088+00:00|INFO|POWER|Power distribution board (PDB) reporting healthy rails 
2025-12-22 05:12:37.264088+00:00|INFO|PERCEPTION|Object detection active - 4 objects in view 
2025-12-22 05:12:46.264088+00:00|WARN|POWER|Cell imbalance detected in Bank_4: 53V difference 
2025-12-22 05:12:56.264088+00:00|INFO|NAVIGATION|Route calculated to Waypoint_8 - distance: 5.4m 
2025-12-22 05:13:01.264088+00:00|INFO|ACTUATORS|Steering actuator aligned to zero-point 
2025-12-22 05:13:07.264088+00:00|WARN|NAVIGATION|Deviation from planned path: 4.1m 
2025-12-22 05:13:15.264088+00:00|ERROR|PERCEPTION|Obstruction detected: Sensor lens obscured or dirty 
2025-12-22 05:13:21.264088+00:00|INFO|POWER|Cooling fans active - current RPM: 565 
2025-12-22 05:13:29.264088+00:00|INFO|ACTUATORS|Steering actuator aligned to zero-point 
2025-12-22 05:13:37.264088+00:00|INFO|NAVIGATION|Global costmap updated successfully 
2025-12-22 05:13:46.264088+00:00|INFO|ACTUATORS|Steering actuator aligned to zero-point 
2025-12-22 05:13:51.264088+00:00|INFO|NAVIGATION|GPS Fix: 3D Fix acquired - satellites: 9 
2025-12-22 05:13:56.264088+00:00|INFO|ACTUATORS|Steering actuator aligned to zero-point 
2025-12-22 05:14:01.264088+00:00|INFO|POWER|Power distribution board (PDB) reporting healthy rails 
2025-12-22 05:14:07.264088+00:00|INFO|PERCEPTION|Camera exposure normalized - confidence score: 47 
2025-12-22 05:14:15.264088+00:00|INFO|PERCEPTION|Camera exposure normalized - confidence score: 47 
2025-12-22 05:14:24.264088+00:00|INFO|NAVIGATION|Executing turn sequence - target angle: 41.5° 
2025-12-22 05:14:34.264088+00:00|INFO|POWER|Cooling fans active - current RPM: 565 
2025-12-22 05:14:39.264088+00:00|INFO|ACTUATORS|Steering actuator aligned to zero-point 
2025-12-22 05:14:44.264088+00:00|INFO|NAVIGATION|Global costmap updated successfully 
2025-12-22 05:14:50.264088+00:00|INFO|PERCEPTION|Scanning for Waypoint markers... complete 
2025-12-22 05:14:59.264088+00:00|INFO|NAVIGATION|Global costmap updated successfully 
2025-12-22 05:15:09.264088+00:00|INFO|POWER|Cooling fans active - current RPM: 565 
2025-12-22 05:15:17.264088+00:00|INFO|ACTUATORS|Motor torque nominal on all 4 drives 
2025-12-22 05:15:24.264088+00:00|INFO|ACTUATORS|Steering actuator aligned to zero-point 
2025-12-22 05:15:34.264088+00:00|INFO|POWER|Power distribution board (PDB) reporting healthy rails 
2025-12-22 05:15:44.264088+00:00|INFO|POWER|Battery Level: 87.8% - voltage stable 
2025-12-22 05:15:53.264088+00:00|INFO|PERCEPTION|Scanning for Waypoint markers... complete 
2025-12-22 05:15:58.264088+00:00|INFO|NAVIGATION|Executing turn sequence - target angle: 41.5° 
2025-12-22 05:16:06.264088+00:00|INFO|NAVIGATION|Global costmap updated successfully 
2025-12-22 05:16:14.264088+00:00|WARN|POWER|Cell imbalance detected in Bank_4: 53V difference 
2025-12-22 05:16:22.264088+00:00|INFO|NAVIGATION|Global costmap updated successfully 
2025-12-22 05:16:29.264088+00:00|INFO|NAVIGATION|GPS Fix: 3D Fix acquired - satellites: 9 
2025-12-22 05:16:37.264088+00:00|INFO|PERCEPTION|Scanning for Waypoint markers... complete 
2025-12-22 05:16:44.264088+00:00|INFO|NAVIGATION|Route calculated to Waypoint_8 - distance: 5.4m 
2025-12-22 05:16:53.264088+00:00|INFO|POWER|Battery Level: 87.8% - voltage stable 
2025-12-22 05:17:00.264088+00:00|INFO|ACTUATORS|Motor torque nominal on all 4 drives 
2025-12-22 05:17:10.264088+00:00|INFO|NAVIGATION|Route calculated to Waypoint_8 - distance: 5.4m 
2025-12-22 05:17:16.264088+00:00|INFO|NAVIGATION|GPS Fix: 3D Fix acquired - satellites: 9 
2025-12-22 05:17:24.264088+00:00|INFO|NAVIGATION|Route calculated to Waypoint_8 - distance: 5.4m 
2025-12-22 05:17:31.264088+00:00|INFO|PERCEPTION|Lidar spinning at 82Hz - publishing point cloud 
2025-12-22 05:17:36.264088+00:00|WARN|NAVIGATION|Re-planning route due to static obstacle at coord [90, 24. 
2025-12-22 05:17:46.264088+00:00|INFO|PERCEPTION|Object detection active - 4 objects in view 
2025-12-22 05:17:51.264088+00:00|ERROR|NAVIGATION|IMU calibration drift detected - navigation suspended 
2025-12-22 05:17:56.264088+00:00|WARN|ACTUATORS|Slight friction detected in Steering_Rack - check alignment 
2025-12-22 05:18:02.264088+00:00|WARN|POWER|High power draw from PERCEPTION suite - 132W 
2025-12-22 05:18:08.264088+00:00|INFO|PERCEPTION|Scanning for Waypoint markers... complete 
2025-12-22 05:18:17.264088+00:00|INFO|POWER|Battery Level: 87.8% - voltage stable 
2025-12-22 05:18:25.264088+00:00|INFO|NAVIGATION|Global costmap updated successfully 
2025-12-22 05:18:32.264088+00:00|INFO|NAVIGATION|GPS Fix: 3D Fix acquired - satellites: 9 
2025-12-22 05:18:42.264088+00:00|INFO|POWER|Battery Level: 87.8% - voltage stable 
2025-12-22 05:18:52.264088+00:00|INFO|NAVIGATION|Route calculated to Waypoint_8 - distance: 5.4m 
2025-12-22 05:18:58.264088+00:00|INFO|POWER|Power distribution board (PDB) reporting healthy rails 
2025-12-22 05:19:07.264088+00:00|INFO|ACTUATORS|Steering actuator aligned to zero-point 
2025-12-22 05:19:17.264088+00:00|INFO|POWER|Cooling fans active - current RPM: 565 
2025-12-22 05:19:25.264088+00:00|INFO|ACTUATORS|Motor torque nominal on all 4 drives 
2025-12-22 05:19:31.264088+00:00|INFO|NAVIGATION|Executing turn sequence - target angle: 41.5° 
2025-12-22 05:19:38.264088+00:00|INFO|POWER|Power distribution board (PDB) reporting healthy rails 
2025-12-22 05:19:46.264088+00:00|INFO|ACTUATORS|Motor torque nominal on all 4 drives 
2025-12-22 05:19:53.264088+00:00|INFO|NAVIGATION|Global costmap updated successfully 
2025-12-22 05:20:00.264088+00:00|INFO|POWER|Cooling fans active - current RPM: 565 
2025-12-22 05:20:05.264088+00:00|INFO|ACTUATORS|Motor torque nominal on all 4 drives 
2025-12-22 05:20:11.264088+00:00|INFO|PERCEPTION|Camera exposure normalized - confidence score: 47 
2025-12-22 05:20:21.264088+00:00|INFO|NAVIGATION|Global costmap updated successfully 
2025-12-22 05:20:28.264088+00:00|INFO|ACTUATORS|Brake pressure check passed - system ready 
2025-12-22 05:20:36.264088+00:00|INFO|NAVIGATION|Executing turn sequence - target angle: 41.5° 
2025-12-22 05:20:43.264088+00:00|INFO|POWER|Cooling fans active - current RPM: 565 
2025-12-22 05:20:53.264088+00:00|INFO|POWER|Power distribution board (PDB) reporting healthy rails 
2025-12-22 05:21:03.264088+00:00|INFO|ACTUATORS|Steering actuator aligned to zero-point 
2025-12-22 05:21:08.264088+00:00|INFO|NAVIGATION|Route calculated to Waypoint_8 - distance: 5.4m 
2025-12-22 05:21:14.264088+00:00|INFO|PERCEPTION|Lidar spinning at 82Hz - publishing point cloud 
2025-12-22 05:21:22.264088+00:00|WARN|PERCEPTION|Lidar point cloud density below threshold - distance 15m 
2025-12-22 05:21:30.264088+00:00|INFO|POWER|Power distribution board (PDB) reporting healthy rails 
2025-12-22 05:21:40.264088+00:00|INFO|PERCEPTION|Object detection active - 4 objects in view 
2025-12-22 05:21:48.264088+00:00|INFO|PERCEPTION|Scanning for Waypoint markers... complete 
2025-12-22 05:21:56.264088+00:00|INFO|POWER|Battery Level: 87.8% - voltage stable 
2025-12-22 05:22:05.264088+00:00|INFO|POWER|Battery Level: 87.8% - voltage stable 
2025-12-22 05:22:15.264088+00:00|INFO|ACTUATORS|Brake pressure check passed - system ready 
2025-12-22 05:22:20.264088+00:00|INFO|PERCEPTION|Scanning for Waypoint markers... complete 
2025-12-22 05:22:30.264088+00:00|INFO|POWER|Cooling fans active - current RPM: 565 
2025-12-22 05:22:36.264088+00:00|INFO|NAVIGATION|Route calculated to Waypoint_8 - distance: 5.4m 
2025-12-22 05:22:43.264088+00:00|INFO|PERCEPTION|Lidar spinning at 82Hz - publishing point cloud 
2025-12-22 05:22:49.264088+00:00|INFO|POWER|Power distribution board (PDB) reporting healthy rails 
2025-12-22 05:22:55.264088+00:00|INFO|NAVIGATION|Route calculated to Waypoint_8 - distance: 5.4m 
2025-12-22 05:23:01.264088+00:00|INFO|ACTUATORS|Steering actuator aligned to zero-point 
2025-12-22 05:23:11.264088+00:00|INFO|PERCEPTION|Object detection active - 4 objects in view 
2025-12-22 05:23:20.264088+00:00|INFO|PERCEPTION|Camera exposure normalized - confidence score: 47 
2025-12-22 05:23:29.264088+00:00|INFO|ACTUATORS|Brake pressure check passed - system ready 
2025-12-22 05:23:38.264088+00:00|INFO|PERCEPTION|Camera exposure normalized - confidence score: 47 
2025-12-22 05:23:44.264088+00:00|INFO|PERCEPTION|Camera exposure normalized - confidence score: 47 
2025-12-22 05:23:54.264088+00:00|ERROR|ACTUATORS|Motor_1 over-current: 411A - engaging E-Stop 
2025-12-22 05:24:02.264088+00:00|INFO|NAVIGATION|Executing turn sequence - target angle: 41.5° 
2025-12-22 05:24:10.264088+00:00|INFO|ACTUATORS|Brake pressure check passed - system ready 
2025-12-22 05:24:15.264088+00:00|INFO|NAVIGATION|Global costmap updated successfully 
2025-12-22 05:24:22.264088+00:00|INFO|POWER|Cooling fans active - current RPM: 565 
2025-12-22 05:24:32.264088+00:00|INFO|ACTUATORS|Motor torque nominal on all 4 drives 
2025-12-22 05:24:42.264088+00:00|INFO|POWER|Power distribution board (PDB) reporting healthy rails 
2025-12-22 05:24:49.264088+00:00|WARN|ACTUATORS|Non-critical vibration detected in Drive_Train - frequency 99Hz 
2025-12-22 05:24:54.264088+00:00|INFO|POWER|Battery Level: 87.8% - voltage stable 
2025-12-22 05:25:01.264088+00:00|INFO|PERCEPTION|Object detection active - 4 objects in view 
2025-12-22 05:25:06.264088+00:00|INFO|POWER|Battery Level: 87.8% - voltage stable 
2025-12-22 05:25:12.264088+00:00|INFO|POWER|Cooling fans active - current RPM: 565 
2025-12-22 05:25:17.264088+00:00|INFO|ACTUATORS|Steering actuator aligned to zero-point 
2025-12-22 05:25:23.264088+00:00|INFO|POWER|Cooling fans active - current RPM: 565 
2025-12-22 05:25:32.264088+00:00|INFO|POWER|Power distribution board (PDB) reporting healthy rails 
2025-12-22 05:25:39.264088+00:00|INFO|PERCEPTION|Camera exposure normalized - confidence score: 47 
2025-12-22 05:25:49.264088+00:00|INFO|ACTUATORS|Motor torque nominal on all 4 drives 
2025-12-22 05:25:57.264088+00:00|INFO|ACTUATORS|Brake pressure check passed - system ready 
2025-12-22 05:26:03.264088+00:00|INFO|PERCEPTION|Scanning for Waypoint markers... complete 
2025-12-22 05:26:10.264088+00:00|INFO|POWER|Battery Level: 87.8% - voltage stable 
2025-12-22 05:26:15.264088+00:00|INFO|POWER|Power distribution board (PDB) reporting healthy rails 
2025-12-22 05:26:25.264088+00:00|INFO|ACTUATORS|Motor torque nominal on all 4 drives 
2025-12-22 05:26:31.264088+00:00|INFO|NAVIGATION|Route calculated to Waypoint_8 - distance: 5.4m 
2025-12-22 05:26:41.264088+00:00|WARN|NAVIGATION|Re-planning route due to static obstacle at coord [90, 24. 
2025-12-22 05:26:47.264088+00:00|INFO|NAVIGATION|Route calculated to Waypoint_8 - distance: 5.4m 
2025-12-22 05:26:57.264088+00:00|INFO|ACTUATORS|Motor torque nominal on all 4 drives 
2025-12-22 05:27:04.264088+00:00|INFO|ACTUATORS|Motor torque nominal on all 4 drives 
2025-12-22 05:27:11.264088+00:00|INFO|PERCEPTION|Object detection active - 4 objects in view 
2025-12-22 05:27:16.264088+00:00|INFO|POWER|Cooling fans active - current RPM: 565 
2025-12-22 05:27:23.264088+00:00|WARN|PERCEPTION|Lidar point cloud density below threshold - distance 15m 
2025-12-22 05:27:32.264088+00:00|INFO|ACTUATORS|Motor torque nominal on all 4 drives 
2025-12-22 05:27:42.264088+00:00|INFO|PERCEPTION|Lidar spinning at 82Hz - publishing point cloud 
2025-12-22 05:27:49.264088+00:00|INFO|ACTUATORS|Steering actuator aligned to zero-point 
2025-12-22 05:27:57.264088+00:00|INFO|POWER|Cooling fans active - current RPM: 565 
2025-12-22 05:28:07.264088+00:00|INFO|POWER|Battery Level: 87.8% - voltage stable 
2025-12-22 05:28:17.264088+00:00|INFO|NAVIGATION|Route calculated to Waypoint_8 - distance: 5.4m 
2025-12-22 05:28:22.264088+00:00|INFO|PERCEPTION|Lidar spinning at 82Hz - publishing point cloud 
2025-12-22 05:28:29.264088+00:00|INFO|PERCEPTION|Lidar spinning at 82Hz - publishing point cloud 
2025-12-22 05:28:38.264088+00:00|INFO|POWER|Cooling fans active - current RPM: 565 
2025-12-22 05:28:44.264088+00:00|INFO|PERCEPTION|Camera exposure normalized - confidence score: 47 
2025-12-22 05:28:52.264088+00:00|INFO|NAVIGATION|Route calculated to Waypoint_8 - distance: 5.4m 
2025-12-22 05:29:01.264088+00:00|INFO|PERCEPTION|Object detection active - 4 objects in view 
2025-12-22 05:29:07.264088+00:00|INFO|ACTUATORS|Brake pressure check passed - system ready 
2025-12-22 05:29:15.264088+00:00|INFO|NAVIGATION|GPS Fix: 3D Fix acquired - satellites: 9 
2025-12-22 05:29:21.264088+00:00|INFO|NAVIGATION|GPS Fix: 3D Fix acquired - satellites: 9 
2025-12-22 05:29:31.264088+00:00|WARN|ACTUATORS|Motor_1 temperature rising: 82.7°C 
2025-12-22 05:29:41.264088+00:00|INFO|PERCEPTION|Lidar spinning at 82Hz - publishing point cloud 
2025-12-22 05:29:51.264088+00:00|WARN|ACTUATORS|Slight friction detected in Steering_Rack - check alignment 
2025-12-22 05:29:56.264088+00:00|INFO|PERCEPTION|Lidar spinning at 82Hz - publishing point cloud 
2025-12-22 05:30:02.264088+00:00|INFO|NAVIGATION|Executing turn sequence - target angle: 41.5° 
2025-12-22 05:30:09.264088+00:00|INFO|ACTUATORS|Brake pressure check passed - system ready 
2025-12-22 05:30:19.264088+00:00|INFO|POWER|Cooling fans active - current RPM: 565 
2025-12-22 05:30:28.264088+00:00|INFO|POWER|Cooling fans active - current RPM: 565 
2025-12-22 05:30:34.264088+00:00|INFO|ACTUATORS|Motor torque nominal on all 4 drives 
2025-12-22 05:30:41.264088+00:00|INFO|PERCEPTION|Lidar spinning at 82Hz - publishing point cloud 
2025-12-22 05:30:47.264088+00:00|INFO|POWER|Battery Level: 87.8% - voltage stable 
2025-12-22 05:30:52.264088+00:00|INFO|PERCEPTION|Scanning for Waypoint markers... complete 
2025-12-22 05:30:57.264088+00:00|INFO|POWER|Cooling fans active - current RPM: 565 
2025-12-22 05:31:06.264088+00:00|INFO|PERCEPTION|Scanning for Waypoint markers... complete 
2025-12-22 05:31:16.264088+00:00|WARN|PERCEPTION|High latency in bounding box projection: 180ms 
2025-12-22 05:31:21.264088+00:00|WARN|PERCEPTION|High latency in bounding box projection: 180ms 
2025-12-22 05:31:31.264088+00:00|WARN|ACTUATORS|Slight friction detected in Steering_Rack - check alignment 
2025-12-22 05:31:40.264088+00:00|INFO|NAVIGATION|Executing turn sequence - target angle: 41.5° 
2025-12-22 05:31:49.264088+00:00|INFO|ACTUATORS|Brake pressure check passed - system ready 
2025-12-22 05:31:57.264088+00:00|INFO|NAVIGATION|GPS Fix: 3D Fix acquired - satellites: 9 
2025-12-22 05:32:06.264088+00:00|WARN|PERCEPTION|Lidar point cloud density below threshold - distance 15m 
2025-12-22 05:32:14.264088+00:00|INFO|ACTUATORS|Motor torque nominal on all 4 drives 
2025-12-22 05:32:21.264088+00:00|INFO|NAVIGATION|GPS Fix: 3D Fix acquired - satellites: 9 
2025-12-22 05:32:26.264088+00:00|INFO|NAVIGATION|Route calculated to Waypoint_8 - distance: 5.4m 
2025-12-22 05:32:33.264088+00:00|INFO|PERCEPTION|Lidar spinning at 82Hz - publishing point cloud 
2025-12-22 05:32:38.264088+00:00|INFO|POWER|Cooling fans active - current RPM: 565 
2025-12-22 05:32:44.264088+00:00|INFO|ACTUATORS|Steering actuator aligned to zero-point 
2025-12-22 05:32:53.264088+00:00|INFO|NAVIGATION|GPS Fix: 3D Fix acquired - satellites: 9 
2025-12-22 05:33:00.264088+00:00|INFO|PERCEPTION|Scanning for Waypoint markers... complete 
2025-12-22 05:33:09.264088+00:00|INFO|POWER|Power distribution board (PDB) reporting healthy rails 
2025-12-22 05:33:17.264088+00:00|INFO|PERCEPTION|Scanning for Waypoint markers... complete 
2025-12-22 05:33:22.264088+00:00|INFO|POWER|Power distribution board (PDB) reporting healthy rails 
2025-12-22 05:33:29.264088+00:00|INFO|ACTUATORS|Steering actuator aligned to zero-point 
2025-12-22 05:33:34.264088+00:00|INFO|NAVIGATION|Global costmap updated successfully 
2025-12-22 05:33:44.264088+00:00|WARN|NAVIGATION|GPS signal weak - tall buildings nearby (HDOP: 2.8 
2025-12-22 05:33:54.264088+00:00|INFO|PERCEPTION|Scanning for Waypoint markers... complete 
2025-12-22 05:33:59.264088+00:00|INFO|ACTUATORS|Steering actuator aligned to zero-point 
2025-12-22 05:34:07.264088+00:00|WARN|ACTUATORS|Motor_1 temperature rising: 82.7°C 
2025-12-22 05:34:15.264088+00:00|INFO|PERCEPTION|Camera exposure normalized - confidence score: 47 
2025-12-22 05:34:23.264088+00:00|INFO|ACTUATORS|Motor torque nominal on all 4 drives 
2025-12-22 05:34:30.264088+00:00|INFO|NAVIGATION|Executing turn sequence - target angle: 41.5° 
2025-12-22 05:34:38.264088+00:00|INFO|POWER|Battery Level: 87.8% - voltage stable 
2025-12-22 05:34:45.264088+00:00|INFO|POWER|Battery Level: 87.8% - voltage stable 
2025-12-22 05:34:52.264088+00:00|INFO|POWER|Power distribution board (PDB) reporting healthy rails 
2025-12-22 05:35:00.264088+00:00|INFO|POWER|Cooling fans active - current RPM: 565 
2025-12-22 05:35:10.264088+00:00|INFO|ACTUATORS|Brake pressure check passed - system ready 
2025-12-22 05:35:15.264088+00:00|INFO|ACTUATORS|Steering actuator aligned to zero-point 
2025-12-22 05:35:20.264088+00:00|INFO|ACTUATORS|Brake pressure check passed - system ready 
2025-12-22 05:35:25.264088+00:00|ERROR|PERCEPTION|Obstruction detected: Sensor lens obscured or dirty 
2025-12-22 05:35:33.264088+00:00|INFO|POWER|Cooling fans active - current RPM: 565 
2025-12-22 05:35:41.264088+00:00|INFO|NAVIGATION|Global costmap updated successfully 
2025-12-22 05:35:48.264088+00:00|ERROR|POWER|Battery temperature exceeded 90°C - Safety Cutoff triggered 
2025-12-22 05:35:55.264088+00:00|INFO|POWER|Battery Level: 87.8% - voltage stable 
2025-12-22 05:36:02.264088+00:00|INFO|PERCEPTION|Lidar spinning at 82Hz - publishing point cloud 
2025-12-22 05:36:09.264088+00:00|INFO|PERCEPTION|Scanning for Waypoint markers... complete 
2025-12-22 05:36:19.264088+00:00|INFO|ACTUATORS|Steering actuator aligned to zero-point 
2025-12-22 05:36:24.264088+00:00|INFO|ACTUATORS|Steering actuator aligned to zero-point 
2025-12-22 05:36:34.264088+00:00|INFO|ACTUATORS|Motor torque nominal on all 4 drives 
2025-12-22 05:36:41.264088+00:00|INFO|ACTUATORS|Motor torque nominal on all 4 drives 
2025-12-22 05:36:46.264088+00:00|WARN|POWER|Low battery warning: 11.8% remaining 
2025-12-22 05:36:53.264088+00:00|INFO|PERCEPTION|Lidar spinning at 82Hz - publishing point cloud 
2025-12-22 05:37:01.264088+00:00|INFO|ACTUATORS|Motor torque nominal on all 4 drives 
2025-12-22 05:37:10.264088+00:00|INFO|PERCEPTION|Object detection active - 4 objects in view 
2025-12-22 05:37:16.264088+00:00|INFO|PERCEPTION|Lidar spinning at 82Hz - publishing point cloud 
2025-12-22 05:37:23.264088+00:00|INFO|ACTUATORS|Steering actuator aligned to zero-point 
2025-12-22 05:37:29.264088+00:00|INFO|NAVIGATION|Global costmap updated successfully 
2025-12-22 05:37:38.264088+00:00|INFO|NAVIGATION|Global costmap updated successfully 
2025-12-22 05:37:48.264088+00:00|INFO|NAVIGATION|GPS Fix: 3D Fix acquired - satellites: 9 
2025-12-22 05:37:57.264088+00:00|INFO|PERCEPTION|Object detection active - 4 objects in view 
2025-12-22 05:38:03.264088+00:00|WARN|POWER|High power draw from PERCEPTION suite - 132W 
2025-12-22 05:38:09.264088+00:00|INFO|NAVIGATION|Executing turn sequence - target angle: 41.5° 
2025-12-22 05:38:14.264088+00:00|INFO|ACTUATORS|Steering actuator aligned to zero-point 
2025-12-22 05:38:20.264088+00:00|INFO|PERCEPTION|Camera exposure normalized - confidence score: 47 
2025-12-22 05:38:27.264088+00:00|INFO|NAVIGATION|Executing turn sequence - target angle: 41.5° 
2025-12-22 05:38:32.264088+00:00|WARN|NAVIGATION|GPS signal weak - tall buildings nearby (HDOP: 2.8 
2025-12-22 05:38:37.264088+00:00|INFO|NAVIGATION|Route calculated to Waypoint_8 - distance: 5.4m 
2025-12-22 05:38:47.264088+00:00|INFO|NAVIGATION|GPS Fix: 3D Fix acquired - satellites: 9 
2025-12-22 05:38:54.264088+00:00|INFO|POWER|Battery Level: 87.8% - voltage stable 
2025-12-22 05:39:00.264088+00:00|INFO|PERCEPTION|Lidar spinning at 82Hz - publishing point cloud 
2025-12-22 05:39:06.264088+00:00|INFO|NAVIGATION|Global costmap updated successfully 
2025-12-22 05:39:16.264088+00:00|INFO|POWER|Cooling fans active - current RPM: 565 
2025-12-22 05:39:22.264088+00:00|INFO|PERCEPTION|Lidar spinning at 82Hz - publishing point cloud 
2025-12-22 05:39:30.264088+00:00|INFO|PERCEPTION|Lidar spinning at 82Hz - publishing point cloud 
2025-12-22 05:39:40.264088+00:00|INFO|PERCEPTION|Lidar spinning at 82Hz - publishing point cloud 
2025-12-22 05:39:48.264088+00:00|INFO|PERCEPTION|Scanning for Waypoint markers... complete 
2025-12-22 05:39:57.264088+00:00|INFO|NAVIGATION|Route calculated to Waypoint_8 - distance: 5.4m 
2025-12-22 05:40:03.264088+00:00|INFO|ACTUATORS|Brake pressure check passed - system ready 
2025-12-22 05:40:13.264088+00:00|INFO|NAVIGATION|Executing turn sequence - target angle: 41.5° 
2025-12-22 05:40:22.264088+00:00|INFO|ACTUATORS|Brake pressure check passed - system ready 
2025-12-22 05:40:30.264088+00:00|INFO|ACTUATORS|Steering actuator aligned to zero-point 
2025-12-22 05:40:37.264088+00:00|INFO|NAVIGATION|Executing turn sequence - target angle: 41.5° 
2025-12-22 05:40:45.264088+00:00|INFO|NAVIGATION|Global costmap updated successfully 
2025-12-22 05:40:53.264088+00:00|INFO|POWER|Battery Level: 87.8% - voltage stable 
2025-12-22 05:41:01.264088+00:00|INFO|ACTUATORS|Brake pressure check passed - system ready 
2025-12-22 05:41:07.264088+00:00|INFO|ACTUATORS|Motor torque nominal on all 4 drives 
2025-12-22 05:41:12.264088+00:00|INFO|NAVIGATION|Route calculated to Waypoint_8 - distance: 5.4m 
2025-12-22 05:41:19.264088+00:00|INFO|ACTUATORS|Brake pressure check passed - system ready 
2025-12-22 05:41:24.264088+00:00|INFO|POWER|Cooling fans active - current RPM: 565 
2025-12-22 05:41:34.264088+00:00|INFO|ACTUATORS|Motor torque nominal on all 4 drives 
2025-12-22 05:41:43.264088+00:00|INFO|PERCEPTION|Object detection active - 4 objects in view 
2025-12-22 05:41:50.264088+00:00|INFO|NAVIGATION|Executing turn sequence - target angle: 41.5° 
2025-12-22 05:41:57.264088+00:00|INFO|NAVIGATION|GPS Fix: 3D Fix acquired - satellites: 9 
2025-12-22 05:42:03.264088+00:00|INFO|PERCEPTION|Object detection active - 4 objects in view 
2025-12-22 05:42:08.264088+00:00|INFO|PERCEPTION|Lidar spinning at 82Hz - publishing point cloud 
2025-12-22 05:42:18.264088+00:00|INFO|NAVIGATION|Executing turn sequence - target angle: 41.5° 
2025-12-22 05:42:26.264088+00:00|INFO|NAVIGATION|Executing turn sequence - target angle: 41.5° 
2025-12-22 05:42:36.264088+00:00|INFO|POWER|Power distribution board (PDB) reporting healthy rails 
2025-12-22 05:42:42.264088+00:00|INFO|PERCEPTION|Camera exposure normalized - confidence score: 47 
2025-12-22 05:42:50.264088+00:00|INFO|ACTUATORS|Steering actuator aligned to zero-point 
2025-12-22 05:42:58.264088+00:00|INFO|POWER|Battery Level: 87.8% - voltage stable 
2025-12-22 05:43:03.264088+00:00|INFO|NAVIGATION|Global costmap updated successfully 
2025-12-22 05:43:13.264088+00:00|INFO|PERCEPTION|Camera exposure normalized - confidence score: 47 
2025-12-22 05:43:18.264088+00:00|INFO|PERCEPTION|Scanning for Waypoint markers... complete 
2025-12-22 05:43:23.264088+00:00|INFO|ACTUATORS|Brake pressure check passed - system ready 
2025-12-22 05:43:30.264088+00:00|INFO|POWER|Power distribution board (PDB) reporting healthy rails 
2025-12-22 05:43:37.264088+00:00|INFO|PERCEPTION|Scanning for Waypoint markers... complete 
2025-12-22 05:43:47.264088+00:00|INFO|PERCEPTION|Scanning for Waypoint markers... complete 
2025-12-22 05:43:57.264088+00:00|INFO|ACTUATORS|Steering actuator aligned to zero-point 
2025-12-22 05:44:02.264088+00:00|INFO|NAVIGATION|Global costmap updated successfully 
2025-12-22 05:44:12.264088+00:00|WARN|PERCEPTION|High latency in bounding box projection: 180ms 
2025-12-22 05:44:18.264088+00:00|INFO|PERCEPTION|Camera exposure normalized - confidence score: 47 
2025-12-22 05:44:23.264088+00:00|INFO|NAVIGATION|GPS Fix: 3D Fix acquired - satellites: 9 
2025-12-22 05:44:31.264088+00:00|INFO|POWER|Battery Level: 87.8% - voltage stable 
2025-12-22 05:44:38.264088+00:00|WARN|PERCEPTION|Sun glare detected on Front_Camera - reducing confidence threshold] 
2025-12-22 05:44:44.264088+00:00|INFO|ACTUATORS|Brake pressure check passed - system ready 
2025-12-22 05:44:54.264088+00:00|INFO|POWER|Battery Level: 87.8% - voltage stable 
2025-12-22 05:45:04.264088+00:00|WARN|ACTUATORS|Motor_1 temperature rising: 82.7°C 
2025-12-22 05:45:09.264088+00:00|INFO|NAVIGATION|Route calculated to Waypoint_8 - distance: 5.4m 
2025-12-22 05:45:19.264088+00:00|INFO|POWER|Battery Level: 87.8% - voltage stable 
2025-12-22 05:45:24.264088+00:00|INFO|PERCEPTION|Object detection active - 4 objects in view 
2025-12-22 05:45:32.264088+00:00|INFO|NAVIGATION|Route calculated to Waypoint_8 - distance: 5.4m 
2025-12-22 05:45:42.264088+00:00|INFO|ACTUATORS|Motor torque nominal on all 4 drives 
2025-12-22 05:45:49.264088+00:00|INFO|POWER|Power distribution board (PDB) reporting healthy rails 
2025-12-22 05:45:58.264088+00:00|INFO|PERCEPTION|Lidar spinning at 82Hz - publishing point cloud 
2025-12-22 05:46:03.264088+00:00|INFO|ACTUATORS|Motor torque nominal on all 4 drives 
2025-12-22 05:46:10.264088+00:00|INFO|NAVIGATION|Route calculated to Waypoint_8 - distance: 5.4m 
2025-12-22 05:46:19.264088+00:00|INFO|PERCEPTION|Camera exposure normalized - confidence score: 47 
2025-12-22 05:46:26.264088+00:00|INFO|PERCEPTION|Lidar spinning at 82Hz - publishing point cloud 
2025-12-22 05:46:36.264088+00:00|INFO|ACTUATORS|Motor torque nominal on all 4 drives 
2025-12-22 05:46:43.264088+00:00|INFO|POWER|Cooling fans active - current RPM: 565 
2025-12-22 05:46:52.264088+00:00|INFO|POWER|Cooling fans active - current RPM: 565 
2025-12-22 05:46:58.264088+00:00|INFO|POWER|Power distribution board (PDB) reporting healthy rails 
2025-12-22 05:47:05.264088+00:00|INFO|ACTUATORS|Motor torque nominal on all 4 drives 
2025-12-22 05:47:13.264088+00:00|INFO|POWER|Cooling fans active - current RPM: 565 
2025-12-22 05:47:18.264088+00:00|INFO|NAVIGATION|Global costmap updated successfully 
2025-12-22 05:47:25.264088+00:00|ERROR|POWER|Battery temperature exceeded 90°C - Safety Cutoff triggered 
2025-12-22 05:47:34.264088+00:00|INFO|PERCEPTION|Camera exposure normalized - confidence score: 47 
2025-12-22 05:47:40.264088+00:00|INFO|PERCEPTION|Lidar spinning at 82Hz - publishing point cloud 
2025-12-22 05:47:50.264088+00:00|INFO|NAVIGATION|GPS Fix: 3D Fix acquired - satellites: 9 
2025-12-22 05:48:00.264088+00:00|INFO|PERCEPTION|Lidar spinning at 82Hz - publishing point cloud 
2025-12-22 05:48:10.264088+00:00|WARN|ACTUATORS|Slight friction detected in Steering_Rack - check alignment 
2025-12-22 05:48:20.264088+00:00|INFO|NAVIGATION|Route calculated to Waypoint_8 - distance: 5.4m 
2025-12-22 05:48:26.264088+00:00|ERROR|ACTUATORS|Motor_1 over-current: 411A - engaging E-Stop 
2025-12-22 05:48:35.264088+00:00|INFO|POWER|Cooling fans active - current RPM: 565 
2025-12-22 05:48:42.264088+00:00|INFO|PERCEPTION|Scanning for Waypoint markers... complete 
2025-12-22 05:48:50.264088+00:00|INFO|NAVIGATION|Global costmap updated successfully 
2025-12-22 05:48:55.264088+00:00|INFO|NAVIGATION|Global costmap updated successfully 
2025-12-22 05:49:00.264088+00:00|INFO|PERCEPTION|Object detection active - 4 objects in view 
2025-12-22 05:49:06.264088+00:00|INFO|PERCEPTION|Camera exposure normalized - confidence score: 47 
2025-12-22 05:49:14.264088+00:00|INFO|PERCEPTION|Object detection active - 4 objects in view 
2025-12-22 05:49:19.264088+00:00|INFO|PERCEPTION|Object detection active - 4 objects in view 
2025-12-22 05:49:29.264088+00:00|INFO|POWER|Cooling fans active - current RPM: 565 
2025-12-22 05:49:37.264088+00:00|INFO|PERCEPTION|Camera exposure normalized - confidence score: 47 
2025-12-22 05:49:46.264088+00:00|INFO|ACTUATORS|Brake pressure check passed - system ready 
2025-12-22 05:49:54.264088+00:00|INFO|POWER|Cooling fans active - current RPM: 565 
2025-12-22 05:50:01.264088+00:00|INFO|NAVIGATION|Global costmap updated successfully 
2025-12-22 05:50:09.264088+00:00|INFO|ACTUATORS|Brake pressure check passed - system ready 
2025-12-22 05:50:17.264088+00:00|WARN|POWER|High power draw from PERCEPTION suite - 132W 
2025-12-22 05:50:25.264088+00:00|INFO|ACTUATORS|Brake pressure check passed - system ready 
2025-12-22 05:50:34.264088+00:00|INFO|ACTUATORS|Brake pressure check passed - system ready 
2025-12-22 05:50:44.264088+00:00|INFO|NAVIGATION|GPS Fix: 3D Fix acquired - satellites: 9 
2025-12-22 05:50:49.264088+00:00|INFO|POWER|Cooling fans active - current RPM: 565 
2025-12-22 05:50:54.264088+00:00|INFO|PERCEPTION|Lidar spinning at 82Hz - publishing point cloud 
2025-12-22 05:51:03.264088+00:00|WARN|NAVIGATION|Deviation from planned path: 4.1m 
2025-12-22 05:51:12.264088+00:00|INFO|POWER|Cooling fans active - current RPM: 565 
2025-12-22 05:51:17.264088+00:00|INFO|PERCEPTION|Camera exposure normalized - confidence score: 47 
2025-12-22 05:51:24.264088+00:00|INFO|NAVIGATION|Route calculated to Waypoint_8 - distance: 5.4m 
2025-12-22 05:51:30.264088+00:00|WARN|PERCEPTION|High latency in bounding box projection: 180ms 
2025-12-22 05:51:40.264088+00:00|INFO|ACTUATORS|Steering actuator aligned to zero-point 
2025-12-22 05:51:48.264088+00:00|WARN|POWER|Cell imbalance detected in Bank_4: 53V difference 
2025-12-22 05:51:54.264088+00:00|INFO|POWER|Cooling fans active - current RPM: 565 
2025-12-22 05:52:04.264088+00:00|INFO|PERCEPTION|Lidar spinning at 82Hz - publishing point cloud 
2025-12-22 05:52:10.264088+00:00|INFO|NAVIGATION|Global costmap updated successfully 
2025-12-22 05:52:16.264088+00:00|INFO|PERCEPTION|Camera exposure normalized - confidence score: 47 
2025-12-22 05:52:26.264088+00:00|INFO|ACTUATORS|Brake pressure check passed - system ready 
2025-12-22 05:52:32.264088+00:00|INFO|PERCEPTION|Camera exposure normalized - confidence score: 47 
2025-12-22 05:52:40.264088+00:00|INFO|ACTUATORS|Steering actuator aligned to zero-point 
2025-12-22 05:52:48.264088+00:00|INFO|POWER|Cooling fans active - current RPM: 565 
2025-12-22 05:52:54.264088+00:00|INFO|POWER|Power distribution board (PDB) reporting healthy rails 
2025-12-22 05:53:01.264088+00:00|INFO|ACTUATORS|Brake pressure check passed - system ready 
2025-12-22 05:53:09.264088+00:00|INFO|POWER|Cooling fans active - current RPM: 565 
2025-12-22 05:53:18.264088+00:00|INFO|NAVIGATION|Executing turn sequence - target angle: 41.5° 
2025-12-22 05:53:24.264088+00:00|INFO|NAVIGATION|Global costmap updated successfully 
2025-12-22 05:53:32.264088+00:00|INFO|POWER|Cooling fans active - current RPM: 565 
2025-12-22 05:53:39.264088+00:00|INFO|ACTUATORS|Motor torque nominal on all 4 drives 
2025-12-22 05:53:48.264088+00:00|INFO|PERCEPTION|Lidar spinning at 82Hz - publishing point cloud 
2025-12-22 05:53:58.264088+00:00|INFO|PERCEPTION|Camera exposure normalized - confidence score: 47 
2025-12-22 05:54:06.264088+00:00|INFO|POWER|Cooling fans active - current RPM: 565 
2025-12-22 05:54:16.264088+00:00|INFO|POWER|Power distribution board (PDB) reporting healthy rails 
2025-12-22 05:54:23.264088+00:00|INFO|PERCEPTION|Scanning for Waypoint markers... complete 
2025-12-22 05:54:30.264088+00:00|INFO|POWER|Cooling fans active - current RPM: 565 
2025-12-22 05:54:38.264088+00:00|INFO|NAVIGATION|Route calculated to Waypoint_8 - distance: 5.4m 
2025-12-22 05:54:45.264088+00:00|INFO|POWER|Battery Level: 87.8% - voltage stable 
2025-12-22 05:54:50.264088+00:00|ERROR|NAVIGATION|IMU calibration drift detected - navigation suspended 
2025-12-22 05:54:58.264088+00:00|INFO|NAVIGATION|Executing turn sequence - target angle: 41.5° 
2025-12-22 05:55:07.264088+00:00|INFO|ACTUATORS|Steering actuator aligned to zero-point 
2025-12-22 05:55:17.264088+00:00|INFO|ACTUATORS|Brake pressure check passed - system ready 
2025-12-22 05:55:26.264088+00:00|WARN|NAVIGATION|GPS signal weak - tall buildings nearby (HDOP: 2.8 
2025-12-22 05:55:36.264088+00:00|INFO|PERCEPTION|Object detection active - 4 objects in view 
2025-12-22 05:55:42.264088+00:00|INFO|POWER|Power distribution board (PDB) reporting healthy rails 
2025-12-22 05:55:48.264088+00:00|INFO|NAVIGATION|Route calculated to Waypoint_8 - distance: 5.4m 
2025-12-22 05:55:56.264088+00:00|INFO|NAVIGATION|GPS Fix: 3D Fix acquired - satellites: 9 
2025-12-22 05:56:03.264088+00:00|INFO|PERCEPTION|Camera exposure normalized - confidence score: 47 
2025-12-22 05:56:12.264088+00:00|INFO|ACTUATORS|Motor torque nominal on all 4 drives 
2025-12-22 05:56:19.264088+00:00|INFO|POWER|Cooling fans active - current RPM: 565 
2025-12-22 05:56:24.264088+00:00|ERROR|NAVIGATION|IMU calibration drift detected - navigation suspended 
2025-12-22 05:56:32.264088+00:00|INFO|NAVIGATION|Route calculated to Waypoint_8 - distance: 5.4m 
2025-12-22 05:56:37.264088+00:00|WARN|PERCEPTION|Sun glare detected on Front_Camera - reducing confidence threshold] 
2025-12-22 05:56:45.264088+00:00|INFO|POWER|Cooling fans active - current RPM: 565 
2025-12-22 05:56:53.264088+00:00|INFO|NAVIGATION|Route calculated to Waypoint_8 - distance: 5.4m 
2025-12-22 05:57:03.264088+00:00|INFO|ACTUATORS|Brake pressure check passed - system ready 
2025-12-22 05:57:08.264088+00:00|INFO|POWER|Power distribution board (PDB) reporting healthy rails 
2025-12-22 05:57:13.264088+00:00|INFO|ACTUATORS|Brake pressure check passed - system ready 
2025-12-22 05:57:18.264088+00:00|INFO|POWER|Power distribution board (PDB) reporting healthy rails 
2025-12-22 05:57:28.264088+00:00|INFO|PERCEPTION|Lidar spinning at 82Hz - publishing point cloud 
2025-12-22 05:57:33.264088+00:00|INFO|POWER|Battery Level: 87.8% - voltage stable 
2025-12-22 05:57:40.264088+00:00|INFO|ACTUATORS|Motor torque nominal on all 4 drives 
2025-12-22 05:57:50.264088+00:00|INFO|PERCEPTION|Scanning for Waypoint markers... complete 
2025-12-22 05:57:58.264088+00:00|INFO|PERCEPTION|Scanning for Waypoint markers... complete 
2025-12-22 05:58:04.264088+00:00|INFO|NAVIGATION|Route calculated to Waypoint_8 - distance: 5.4m 
2025-12-22 05:58:14.264088+00:00|INFO|PERCEPTION|Object detection active - 4 objects in view 
2025-12-22 05:58:20.264088+00:00|INFO|POWER|Battery Level: 87.8% - voltage stable 
2025-12-22 05:58:30.264088+00:00|INFO|POWER|Cooling fans active - current RPM: 565 
2025-12-22 05:58:40.264088+00:00|INFO|ACTUATORS|Brake pressure check passed - system ready 
2025-12-22 05:58:49.264088+00:00|INFO|ACTUATORS|Motor torque nominal on all 4 drives 
2025-12-22 05:58:59.264088+00:00|INFO|PERCEPTION|Object detection active - 4 objects in view 
2025-12-22 05:59:06.264088+00:00|INFO|POWER|Power distribution board (PDB) reporting healthy rails 
2025-12-22 05:59:13.264088+00:00|INFO|POWER|Cooling fans active - current RPM: 565 
2025-12-22 05:59:19.264088+00:00|INFO|POWER|Power distribution board (PDB) reporting healthy rails 
2025-12-22 05:59:28.264088+00:00|INFO|NAVIGATION|Route calculated to Waypoint_8 - distance: 5.4m 
2025-12-22 05:59:38.264088+00:00|INFO|ACTUATORS|Motor torque nominal on all 4 drives 
2025-12-22 05:59:46.264088+00:00|INFO|NAVIGATION|GPS Fix: 3D Fix acquired - satellites: 9 
2025-12-22 05:59:51.264088+00:00|WARN|ACTUATORS|Non-critical vibration detected in Drive_Train - frequency 99Hz 
2025-12-22 06:00:01.264088+00:00|INFO|NAVIGATION|GPS Fix: 3D Fix acquired - satellites: 9 
2025-12-22 06:00:07.264088+00:00|INFO|PERCEPTION|Object detection active - 4 objects in view 
2025-12-22 06:00:13.264088+00:00|INFO|ACTUATORS|Motor torque nominal on all 4 drives 
2025-12-22 06:00:19.264088+00:00|INFO|PERCEPTION|Scanning for Waypoint markers... complete 
2025-12-22 06:00:25.264088+00:00|INFO|POWER|Cooling fans active - current RPM: 565 
2025-12-22 06:00:32.264088+00:00|INFO|POWER|Power distribution board (PDB) reporting healthy rails 
2025-12-22 06:00:40.264088+00:00|INFO|PERCEPTION|Lidar spinning at 82Hz - publishing point cloud 
2025-12-22 06:00:46.264088+00:00|INFO|NAVIGATION|Executing turn sequence - target angle: 41.5° 
2025-12-22 06:00:53.264088+00:00|INFO|POWER|Power distribution board (PDB) reporting healthy rails 
2025-12-22 06:01:03.264088+00:00|INFO|ACTUATORS|Brake pressure check passed - system ready 
